<?xml version="1.0" encoding="UTF-8"?>
<!-- Generated by org.testng.reporters.JUnitReportReporter -->
<testsuite skipped="0" hostname="DESKTOP-GMC3IDP" name="Project_adactin.TestNg1" tests="4" failures="0" timestamp="2022-06-29T15:18:00 IST" time="0.046" errors="0">
  <testcase name="testCase2" time="0.017" classname="Project_adactin.TestNg1"/>
  <system-out/>
  <testcase name="testCase2" time="0.018" classname="Project_adactin.TestNg1"/>
  <system-out/>
  <testcase name="testCase2" time="0.006" classname="Project_adactin.TestNg1"/>
  <system-out/>
  <testcase name="testCase1" time="0.005" classname="Project_adactin.TestNg1"/>
  <system-out/>
</testsuite> <!-- Project_adactin.TestNg1 -->
