<?xml version="1.0" encoding="UTF-8"?>
<!-- Generated by org.testng.reporters.JUnitReportReporter -->
<testsuite skipped="0" hostname="DESKTOP-GMC3IDP" name="Project_adactin.Simple_Annotations" tests="2" failures="0" timestamp="2022-06-29T16:41:01 IST" time="0.024" errors="0">
  <testcase name="LaptopSearch" time="0.015" classname="Project_adactin.Simple_Annotations"/>
  <system-out/>
  <testcase name="mobilesearch" time="0.009" classname="Project_adactin.Simple_Annotations"/>
  <system-out/>
</testsuite> <!-- Project_adactin.Simple_Annotations -->
