<?xml version="1.0" encoding="UTF-8"?>
<!-- Generated by org.testng.reporters.JUnitReportReporter -->
<testsuite skipped="0" hostname="DESKTOP-GMC3IDP" name="Project_adactin.DependsOnMethod" tests="3" failures="0" timestamp="2022-07-03T16:47:41 IST" time="0.033" errors="0">
  <testcase name="offers" time="0.022" classname="Project_adactin.DependsOnMethod"/>
  <system-out/>
  <testcase name="mobileoffers" time="0.005" classname="Project_adactin.DependsOnMethod"/>
  <system-out/>
  <testcase name="laptopnoOff" time="0.006" classname="Project_adactin.DependsOnMethod"/>
  <system-out/>
</testsuite> <!-- Project_adactin.DependsOnMethod -->
