<?xml version="1.0" encoding="UTF-8"?>
<!-- Generated by org.testng.reporters.JUnitReportReporter -->
<testsuite skipped="1" hostname="DESKTOP-GMC3IDP" name="Project_adactin.Ignore_program" tests="7" failures="0" timestamp="2022-07-03T15:23:47 IST" time="0.040" errors="0">
  <testcase name="urllaunch" time="0.004" classname="Project_adactin.Ignore_program"/>
  <system-out/>
  <testcase name="upassword" time="0.003" classname="Project_adactin.Ignore_program"/>
  <system-out/>
  <testcase name="urllaunch" time="0.004" classname="Project_adactin.Ignore_program"/>
  <system-out/>
  <testcase name="urllaunch" time="0.005" classname="Project_adactin.Ignore_program"/>
  <system-out/>
  <testcase name="logoutpage" time="0.019" classname="Project_adactin.Ignore_program"/>
  <system-out/>
  <testcase name="uname" time="0.005" classname="Project_adactin.Ignore_program"/>
  <system-out/>
  <testcase name="Homepage" classname="Project_adactin.Ignore_program">
    <skipped/>
  </testcase> <!-- Homepage -->
  <system-out/>
</testsuite> <!-- Project_adactin.Ignore_program -->
