<?xml version="1.0" encoding="UTF-8"?>
<!-- Generated by org.testng.reporters.JUnitReportReporter -->
<testsuite skipped="0" hostname="DESKTOP-GMC3IDP" name="Project_adactin.Base_product_Test" tests="8" failures="0" timestamp="2022-06-29T16:55:22 IST" time="0.071" errors="0">
  <testcase name="Avantifeeds" time="0.007" classname="Project_adactin.Base_product_Test"/>
  <system-out/>
  <testcase name="Avantifeeds" time="0.016" classname="Project_adactin.Base_product_Test"/>
  <system-out/>
  <testcase name="Avantifeeds" time="0.011" classname="Project_adactin.Base_product_Test"/>
  <system-out/>
  <testcase name="Waterbase" time="0.003" classname="Project_adactin.Base_product_Test"/>
  <system-out/>
  <testcase name="Waterbase" time="0.004" classname="Project_adactin.Base_product_Test"/>
  <system-out/>
  <testcase name="CharoenPokphand" time="0.009" classname="Project_adactin.Base_product_Test"/>
  <system-out/>
  <testcase name="Shenglong" time="0.003" classname="Project_adactin.Base_product_Test"/>
  <system-out/>
  <testcase name="cargillfeeds" time="0.018" classname="Project_adactin.Base_product_Test"/>
  <system-out/>
</testsuite> <!-- Project_adactin.Base_product_Test -->
