<?xml version="1.0" encoding="UTF-8"?>
<!-- Generated by org.testng.reporters.JUnitReportReporter -->
<testsuite skipped="0" hostname="DESKTOP-GMC3IDP" name="Project_adactin.Data_Provider_Test" tests="3" failures="0" timestamp="2022-07-01T22:40:22 IST" time="96.353" errors="0">
  <testcase name="loginScenario" time="33.017" classname="Project_adactin.Data_Provider_Test"/>
  <system-out/>
  <testcase name="loginScenario" time="38.139" classname="Project_adactin.Data_Provider_Test"/>
  <system-out/>
  <testcase name="loginScenario" time="25.197" classname="Project_adactin.Data_Provider_Test"/>
  <system-out/>
</testsuite> <!-- Project_adactin.Data_Provider_Test -->
